[2023/05/01 03:20:34.122 | db.utils.LibSetup.downloadLib(LibSetup.java:85)] Downloading missing or outdated library file: lib\verifier.jar
[2023/05/01 03:20:34.466 | db.utils.LibSetup.downloadLib(LibSetup.java:85)] Downloading missing or outdated library file: plugins\DefaultPlugin.jar
[2023/05/01 03:20:35.343 | db.Bot.main(Bot.java:70)] Starting DarkBot 1.121 b-1 a4
[2023/05/01 03:20:36.488 | db.utils.CaptchaAPI.createInstance(CaptchaAPI.java:20)] Library file lib\captchasolver.jar not present
[2023/05/01 03:20:36.488 | db.utils.CaptchaAPI.createInstance(CaptchaAPI.java:22)] No captcha resolver is configured, if you're not trying to use one you can safely ignore this message
[2023/05/01 03:20:36.528 | db.utils.LibSetup.downloadLib(LibSetup.java:85)] Downloading missing or outdated library file: lib\KekkaPlayer.dll
[2023/05/01 03:21:01.212 | api.KekkaPlayer.createWindow(Native Method)] [INFO][KekkaPlayer 24] Starting new message loop
[2023/05/01 03:21:01.926 | api.KekkaPlayer.createWindow(Native Method)] [INFO][KekkaPlayer 24] FlashCall: <invoke name="BpEventStream.track" returntype="xml"><arguments><string>flash_preloader_construct</string><object><property id="bytes"><number>276117</number></property><property id="counter"><number>-1</number></property><property id="stageHeight"><number>900</number></property><property id="name"><string>root1</string></property><property id="stageWidth"><number>1280</number></property></object></arguments></invoke>
[2023/05/01 03:21:01.944 | api.KekkaPlayer.createWindow(Native Method)] [INFO][KekkaPlayer 24] FlashCall: <invoke name="BpEventStream.track" returntype="xml"><arguments><string>flash_preloader_loadingScreenLoadStart</string><object><property id="url"><string>https://darkorbit-22.bpsecure.com/spacemap/loadingscreen.swf?__cv=aa33880ee59213ed848976435d20f600</string></property></object></arguments></invoke>
[2023/05/01 03:21:02.216 | api.KekkaPlayer.createWindow(Native Method)] [INFO][KekkaPlayer 24] FlashCall: <invoke name="BpEventStream.track" returntype="xml"><arguments><string>flash_loadingscreen_construct</string><object></object></arguments></invoke>
[2023/05/01 03:21:04.267 | api.KekkaPlayer.createWindow(Native Method)] [INFO][KekkaPlayer 24] FlashCall: <invoke name="BpEventStream.track" returntype="xml"><arguments><string>flash_preloader_loadingScreenReady</string><object></object></arguments></invoke>
[2023/05/01 03:21:04.271 | api.KekkaPlayer.createWindow(Native Method)] [INFO][KekkaPlayer 24] FlashCall: <invoke name="BpEventStream.track" returntype="xml"><arguments><string>flash_loadingscreen_loadGameClient</string><object></object></arguments></invoke>
[2023/05/01 03:21:04.315 | api.KekkaPlayer.createWindow(Native Method)] [INFO][KekkaPlayer 24] FlashCall: <invoke name="BpEventStream.track" returntype="xml"><arguments><string>flash_loadingscreen_handleRawDataLoadComplete</string><object></object></arguments></invoke>
[2023/05/01 03:21:04.321 | api.KekkaPlayer.createWindow(Native Method)] [INFO][KekkaPlayer 24] FlashCall: <invoke name="BpEventStream.track" returntype="xml"><arguments><string>flash_loadingscreen_gameclient_uncompressed</string><object></object></arguments></invoke>
[2023/05/01 03:21:06.276 | api.KekkaPlayer.createWindow(Native Method)] [INFO][KekkaPlayer 24] FlashCall: <invoke name="BpEventStream.track" returntype="xml"><arguments><string>flash_loadingscreen_gameclient_decrypted</string><object></object></arguments></invoke>
[2023/05/01 03:21:06.326 | api.KekkaPlayer.createWindow(Native Method)] [INFO][KekkaPlayer 24] FlashCall: <invoke name="BpEventStream.track" returntype="xml"><arguments><string>flash_loadingscreen_internal_loader_started</string><object></object></arguments></invoke>
[2023/05/01 03:21:06.353 | api.KekkaPlayer.createWindow(Native Method)] [INFO][KekkaPlayer 24] FlashCall: <invoke name="BpEventStream.track" returntype="xml"><arguments><string>flash_loadingscreen_internal_handleClientLoadComplete</string><object></object></arguments></invoke>
[2023/05/01 03:21:06.894 | api.KekkaPlayer.createWindow(Native Method)] [INFO][KekkaPlayer 24] FlashCall: <invoke name="InternalMapRevolution.detectPepper" returntype="xml"><arguments></arguments></invoke>
[2023/05/01 03:21:08.533 | api.KekkaPlayer.createWindow(Native Method)] [INFO][KekkaPlayer 24] FlashCall: <invoke name="BpEventStream.track" returntype="xml"><arguments><string>flash.error</string><object><property id="errorID"><number>2048</number></property><property id="stackTrace"><string>Error
	at net.bigpoint.darkorbit.preloader.error::GlobalErrorHandlerBpEventStream/handleUncaughtError()
	at flash.events::EventDispatcher/dispatchEvent()
	at flash.net::URLLoader/redirectEvent()</string></property><property id="name"><string>securityError</string></property><property id="message"><string>Error #2048</string></property><property id="build"><string>40143898</string></property></object></arguments></invoke>
[2023/05/01 03:21:09.518 | api.KekkaPlayer.createWindow(Native Method)] [INFO][KekkaPlayer 24] FlashCall: <invoke name="BpEventStream.track" returntype="xml"><arguments><string>flash_loadingscreen_handleClientLoadingProgress  bytesLoaded/bytesTotal 1 / 120</string><object></object></arguments></invoke>
[2023/05/01 03:21:09.561 | api.KekkaPlayer.createWindow(Native Method)] [INFO][KekkaPlayer 24] FlashCall: <invoke name="BpEventStream.track" returntype="xml"><arguments><string>flash_loadingscreen_handleClientLoadingProgress  bytesLoaded/bytesTotal 2 / 120</string><object></object></arguments></invoke>
[2023/05/01 03:21:09.584 | api.KekkaPlayer.createWindow(Native Method)] [INFO][KekkaPlayer 24] FlashCall: <invoke name="BpEventStream.track" returntype="xml"><arguments><string>flash_loadingscreen_handleClientLoadingProgress  bytesLoaded/bytesTotal 3 / 120</string><object></object></arguments></invoke>
[2023/05/01 03:21:10.358 | api.KekkaPlayer.createWindow(Native Method)] [INFO][KekkaPlayer 24] FlashCall: <invoke name="BpEventStream.track" returntype="xml"><arguments><string>flash_loadingscreen_handleClientLoadingProgress  bytesLoaded/bytesTotal 4 / 120</string><object></object></arguments></invoke>
[2023/05/01 03:21:11.240 | api.KekkaPlayer.createWindow(Native Method)] [INFO][KekkaPlayer 24] FlashCall: <invoke name="BpEventStream.track" returntype="xml"><arguments><string>flash_loadingscreen_handleClientLoadingProgress  bytesLoaded/bytesTotal 5 / 120</string><object></object></arguments></invoke>
[2023/05/01 03:21:11.241 | api.KekkaPlayer.createWindow(Native Method)] [INFO][KekkaPlayer 24] FlashCall: <invoke name="BpEventStream.track" returntype="xml"><arguments><string>flash_loadingscreen_handleClientLoadingProgress  bytesLoaded/bytesTotal 6 / 120</string><object></object></arguments></invoke>
[2023/05/01 03:21:11.243 | api.KekkaPlayer.createWindow(Native Method)] [INFO][KekkaPlayer 24] FlashCall: <invoke name="BpEventStream.track" returntype="xml"><arguments><string>flash_loadingscreen_handleClientLoadingProgress  bytesLoaded/bytesTotal 7 / 120</string><object></object></arguments></invoke>
[2023/05/01 03:21:11.244 | api.KekkaPlayer.createWindow(Native Method)] [INFO][KekkaPlayer 24] FlashCall: <invoke name="BpEventStream.track" returntype="xml"><arguments><string>flash_loadingscreen_handleClientLoadingProgress  bytesLoaded/bytesTotal 8 / 120</string><object></object></arguments></invoke>
[2023/05/01 03:21:11.245 | api.KekkaPlayer.createWindow(Native Method)] [INFO][KekkaPlayer 24] FlashCall: <invoke name="BpEventStream.track" returntype="xml"><arguments><string>flash_loadingscreen_handleClientLoadingProgress  bytesLoaded/bytesTotal 9 / 120</string><object></object></arguments></invoke>
[2023/05/01 03:21:11.247 | api.KekkaPlayer.createWindow(Native Method)] [INFO][KekkaPlayer 24] FlashCall: <invoke name="BpEventStream.track" returntype="xml"><arguments><string>flash_loadingscreen_handleClientLoadingProgress  bytesLoaded/bytesTotal 10 / 120</string><object></object></arguments></invoke>
[2023/05/01 03:21:11.248 | api.KekkaPlayer.createWindow(Native Method)] [INFO][KekkaPlayer 24] FlashCall: <invoke name="BpEventStream.track" returntype="xml"><arguments><string>flash_loadingscreen_handleClientLoadingProgress  bytesLoaded/bytesTotal 11 / 120</string><object></object></arguments></invoke>
[2023/05/01 03:21:11.250 | api.KekkaPlayer.createWindow(Native Method)] [INFO][KekkaPlayer 24] FlashCall: <invoke name="BpEventStream.track" returntype="xml"><arguments><string>flash_loadingscreen_handleClientLoadingProgress  bytesLoaded/bytesTotal 12 / 120</string><object></object></arguments></invoke>
[2023/05/01 03:21:11.252 | api.KekkaPlayer.createWindow(Native Method)] [INFO][KekkaPlayer 24] FlashCall: <invoke name="BpEventStream.track" returntype="xml"><arguments><string>flash_loadingscreen_handleClientLoadingProgress  bytesLoaded/bytesTotal 13 / 120</string><object></object></arguments></invoke>
[2023/05/01 03:21:11.254 | api.KekkaPlayer.createWindow(Native Method)] [INFO][KekkaPlayer 24] FlashCall: <invoke name="BpEventStream.track" returntype="xml"><arguments><string>flash_loadingscreen_handleClientLoadingProgress  bytesLoaded/bytesTotal 14 / 120</string><object></object></arguments></invoke>
[2023/05/01 03:21:11.255 | api.KekkaPlayer.createWindow(Native Method)] [INFO][KekkaPlayer 24] FlashCall: <invoke name="BpEventStream.track" returntype="xml"><arguments><string>flash_loadingscreen_handleClientLoadingProgress  bytesLoaded/bytesTotal 15 / 120</string><object></object></arguments></invoke>
[2023/05/01 03:21:11.256 | api.KekkaPlayer.createWindow(Native Method)] [INFO][KekkaPlayer 24] FlashCall: <invoke name="BpEventStream.track" returntype="xml"><arguments><string>flash_loadingscreen_handleClientLoadingProgress  bytesLoaded/bytesTotal 16 / 120</string><object></object></arguments></invoke>
[2023/05/01 03:21:11.258 | api.KekkaPlayer.createWindow(Native Method)] [INFO][KekkaPlayer 24] FlashCall: <invoke name="BpEventStream.track" returntype="xml"><arguments><string>flash_loadingscreen_handleClientLoadingProgress  bytesLoaded/bytesTotal 17 / 120</string><object></object></arguments></invoke>
[2023/05/01 03:21:11.260 | api.KekkaPlayer.createWindow(Native Method)] [INFO][KekkaPlayer 24] FlashCall: <invoke name="BpEventStream.track" returntype="xml"><arguments><string>flash_loadingscreen_handleClientLoadingProgress  bytesLoaded/bytesTotal 18 / 120</string><object></object></arguments></invoke>
[2023/05/01 03:21:11.261 | api.KekkaPlayer.createWindow(Native Method)] [INFO][KekkaPlayer 24] FlashCall: <invoke name="BpEventStream.track" returntype="xml"><arguments><string>flash_loadingscreen_handleClientLoadingProgress  bytesLoaded/bytesTotal 19 / 120</string><object></object></arguments></invoke>
[2023/05/01 03:21:11.263 | api.KekkaPlayer.createWindow(Native Method)] [INFO][KekkaPlayer 24] FlashCall: <invoke name="BpEventStream.track" returntype="xml"><arguments><string>flash_loadingscreen_handleClientLoadingProgress  bytesLoaded/bytesTotal 20 / 120</string><object></object></arguments></invoke>
[2023/05/01 03:21:11.265 | api.KekkaPlayer.createWindow(Native Method)] [INFO][KekkaPlayer 24] FlashCall: <invoke name="BpEventStream.track" returntype="xml"><arguments><string>flash_loadingscreen_handleClientLoadingProgress  bytesLoaded/bytesTotal 21 / 120</string><object></object></arguments></invoke>
[2023/05/01 03:21:11.267 | api.KekkaPlayer.createWindow(Native Method)] [INFO][KekkaPlayer 24] FlashCall: <invoke name="BpEventStream.track" returntype="xml"><arguments><string>flash_loadingscreen_handleClientLoadingProgress  bytesLoaded/bytesTotal 22 / 120</string><object></object></arguments></invoke>
[2023/05/01 03:21:11.268 | api.KekkaPlayer.createWindow(Native Method)] [INFO][KekkaPlayer 24] FlashCall: <invoke name="BpEventStream.track" returntype="xml"><arguments><string>flash_loadingscreen_handleClientLoadingProgress  bytesLoaded/bytesTotal 23 / 120</string><object></object></arguments></invoke>
[2023/05/01 03:21:11.270 | api.KekkaPlayer.createWindow(Native Method)] [INFO][KekkaPlayer 24] FlashCall: <invoke name="BpEventStream.track" returntype="xml"><arguments><string>flash_loadingscreen_handleClientLoadingProgress  bytesLoaded/bytesTotal 24 / 120</string><object></object></arguments></invoke>
[2023/05/01 03:21:11.271 | api.KekkaPlayer.createWindow(Native Method)] [INFO][KekkaPlayer 24] FlashCall: <invoke name="BpEventStream.track" returntype="xml"><arguments><string>flash_loadingscreen_handleClientLoadingProgress  bytesLoaded/bytesTotal 25 / 120</string><object></object></arguments></invoke>
[2023/05/01 03:21:11.273 | api.KekkaPlayer.createWindow(Native Method)] [INFO][KekkaPlayer 24] FlashCall: <invoke name="BpEventStream.track" returntype="xml"><arguments><string>flash_loadingscreen_handleClientLoadingProgress  bytesLoaded/bytesTotal 26 / 120</string><object></object></arguments></invoke>
[2023/05/01 03:21:11.274 | api.KekkaPlayer.createWindow(Native Method)] [INFO][KekkaPlayer 24] FlashCall: <invoke name="BpEventStream.track" returntype="xml"><arguments><string>flash_loadingscreen_handleClientLoadingProgress  bytesLoaded/bytesTotal 27 / 120</string><object></object></arguments></invoke>
[2023/05/01 03:21:11.276 | api.KekkaPlayer.createWindow(Native Method)] [INFO][KekkaPlayer 24] FlashCall: <invoke name="BpEventStream.track" returntype="xml"><arguments><string>flash_loadingscreen_handleClientLoadingProgress  bytesLoaded/bytesTotal 28 / 120</string><object></object></arguments></invoke>
[2023/05/01 03:21:11.277 | api.KekkaPlayer.createWindow(Native Method)] [INFO][KekkaPlayer 24] FlashCall: <invoke name="BpEventStream.track" returntype="xml"><arguments><string>flash_loadingscreen_handleClientLoadingProgress  bytesLoaded/bytesTotal 29 / 120</string><object></object></arguments></invoke>
[2023/05/01 03:21:11.278 | api.KekkaPlayer.createWindow(Native Method)] [INFO][KekkaPlayer 24] FlashCall: <invoke name="BpEventStream.track" returntype="xml"><arguments><string>flash_loadingscreen_handleClientLoadingProgress  bytesLoaded/bytesTotal 30 / 120</string><object></object></arguments></invoke>
[2023/05/01 03:21:11.280 | api.KekkaPlayer.createWindow(Native Method)] [INFO][KekkaPlayer 24] FlashCall: <invoke name="BpEventStream.track" returntype="xml"><arguments><string>flash_loadingscreen_handleClientLoadingProgress  bytesLoaded/bytesTotal 31 / 120</string><object></object></arguments></invoke>
[2023/05/01 03:21:11.282 | api.KekkaPlayer.createWindow(Native Method)] [INFO][KekkaPlayer 24] FlashCall: <invoke name="BpEventStream.track" returntype="xml"><arguments><string>flash_loadingscreen_handleClientLoadingProgress  bytesLoaded/bytesTotal 32 / 120</string><object></object></arguments></invoke>
[2023/05/01 03:21:11.283 | api.KekkaPlayer.createWindow(Native Method)] [INFO][KekkaPlayer 24] FlashCall: <invoke name="BpEventStream.track" returntype="xml"><arguments><string>flash_loadingscreen_handleClientLoadingProgress  bytesLoaded/bytesTotal 33 / 120</string><object></object></arguments></invoke>
[2023/05/01 03:21:11.284 | api.KekkaPlayer.createWindow(Native Method)] [INFO][KekkaPlayer 24] FlashCall: <invoke name="BpEventStream.track" returntype="xml"><arguments><string>flash_loadingscreen_handleClientLoadingProgress  bytesLoaded/bytesTotal 34 / 120</string><object></object></arguments></invoke>
[2023/05/01 03:21:11.286 | api.KekkaPlayer.createWindow(Native Method)] [INFO][KekkaPlayer 24] FlashCall: <invoke name="BpEventStream.track" returntype="xml"><arguments><string>flash_loadingscreen_handleClientLoadingProgress  bytesLoaded/bytesTotal 35 / 120</string><object></object></arguments></invoke>
[2023/05/01 03:21:11.288 | api.KekkaPlayer.createWindow(Native Method)] [INFO][KekkaPlayer 24] FlashCall: <invoke name="BpEventStream.track" returntype="xml"><arguments><string>flash_loadingscreen_handleClientLoadingProgress  bytesLoaded/bytesTotal 36 / 120</string><object></object></arguments></invoke>
[2023/05/01 03:21:11.290 | api.KekkaPlayer.createWindow(Native Method)] [INFO][KekkaPlayer 24] FlashCall: <invoke name="BpEventStream.track" returntype="xml"><arguments><string>flash_loadingscreen_handleClientLoadingProgress  bytesLoaded/bytesTotal 37 / 120</string><object></object></arguments></invoke>
[2023/05/01 03:21:11.291 | api.KekkaPlayer.createWindow(Native Method)] [INFO][KekkaPlayer 24] FlashCall: <invoke name="BpEventStream.track" returntype="xml"><arguments><string>flash_loadingscreen_handleClientLoadingProgress  bytesLoaded/bytesTotal 38 / 120</string><object></object></arguments></invoke>
[2023/05/01 03:21:11.292 | api.KekkaPlayer.createWindow(Native Method)] [INFO][KekkaPlayer 24] FlashCall: <invoke name="BpEventStream.track" returntype="xml"><arguments><string>flash_loadingscreen_handleClientLoadingProgress  bytesLoaded/bytesTotal 39 / 120</string><object></object></arguments></invoke>
[2023/05/01 03:21:11.294 | api.KekkaPlayer.createWindow(Native Method)] [INFO][KekkaPlayer 24] FlashCall: <invoke name="BpEventStream.track" returntype="xml"><arguments><string>flash_loadingscreen_handleClientLoadingProgress  bytesLoaded/bytesTotal 40 / 120</string><object></object></arguments></invoke>
[2023/05/01 03:21:11.295 | api.KekkaPlayer.createWindow(Native Method)] [INFO][KekkaPlayer 24] FlashCall: <invoke name="BpEventStream.track" returntype="xml"><arguments><string>flash_loadingscreen_handleClientLoadingProgress  bytesLoaded/bytesTotal 41 / 120</string><object></object></arguments></invoke>
[2023/05/01 03:21:11.296 | api.KekkaPlayer.createWindow(Native Method)] [INFO][KekkaPlayer 24] FlashCall: <invoke name="BpEventStream.track" returntype="xml"><arguments><string>flash_loadingscreen_handleClientLoadingProgress  bytesLoaded/bytesTotal 42 / 120</string><object></object></arguments></invoke>
[2023/05/01 03:21:11.297 | api.KekkaPlayer.createWindow(Native Method)] [INFO][KekkaPlayer 24] FlashCall: <invoke name="BpEventStream.track" returntype="xml"><arguments><string>flash_loadingscreen_handleClientLoadingProgress  bytesLoaded/bytesTotal 43 / 120</string><object></object></arguments></invoke>
[2023/05/01 03:21:11.298 | api.KekkaPlayer.createWindow(Native Method)] [INFO][KekkaPlayer 24] FlashCall: <invoke name="BpEventStream.track" returntype="xml"><arguments><string>flash_loadingscreen_handleClientLoadingProgress  bytesLoaded/bytesTotal 44 / 120</string><object></object></arguments></invoke>
[2023/05/01 03:21:11.300 | api.KekkaPlayer.createWindow(Native Method)] [INFO][KekkaPlayer 24] FlashCall: <invoke name="BpEventStream.track" returntype="xml"><arguments><string>flash_loadingscreen_handleClientLoadingProgress  bytesLoaded/bytesTotal 45 / 120</string><object></object></arguments></invoke>
[2023/05/01 03:21:11.302 | api.KekkaPlayer.createWindow(Native Method)] [INFO][KekkaPlayer 24] FlashCall: <invoke name="BpEventStream.track" returntype="xml"><arguments><string>flash_loadingscreen_handleClientLoadingProgress  bytesLoaded/bytesTotal 46 / 120</string><object></object></arguments></invoke>
[2023/05/01 03:21:11.303 | api.KekkaPlayer.createWindow(Native Method)] [INFO][KekkaPlayer 24] FlashCall: <invoke name="BpEventStream.track" returntype="xml"><arguments><string>flash_loadingscreen_handleClientLoadingProgress  bytesLoaded/bytesTotal 47 / 120</string><object></object></arguments></invoke>
[2023/05/01 03:21:11.304 | api.KekkaPlayer.createWindow(Native Method)] [INFO][KekkaPlayer 24] FlashCall: <invoke name="BpEventStream.track" returntype="xml"><arguments><string>flash_loadingscreen_handleClientLoadingProgress  bytesLoaded/bytesTotal 48 / 120</string><object></object></arguments></invoke>
[2023/05/01 03:21:11.305 | api.KekkaPlayer.createWindow(Native Method)] [INFO][KekkaPlayer 24] FlashCall: <invoke name="BpEventStream.track" returntype="xml"><arguments><string>flash_loadingscreen_handleClientLoadingProgress  bytesLoaded/bytesTotal 49 / 120</string><object></object></arguments></invoke>
[2023/05/01 03:21:11.307 | api.KekkaPlayer.createWindow(Native Method)] [INFO][KekkaPlayer 24] FlashCall: <invoke name="BpEventStream.track" returntype="xml"><arguments><string>flash_loadingscreen_handleClientLoadingProgress  bytesLoaded/bytesTotal 50 / 120</string><object></object></arguments></invoke>
[2023/05/01 03:21:11.309 | api.KekkaPlayer.createWindow(Native Method)] [INFO][KekkaPlayer 24] FlashCall: <invoke name="BpEventStream.track" returntype="xml"><arguments><string>flash_loadingscreen_handleClientLoadingProgress  bytesLoaded/bytesTotal 51 / 120</string><object></object></arguments></invoke>
[2023/05/01 03:21:11.310 | api.KekkaPlayer.createWindow(Native Method)] [INFO][KekkaPlayer 24] FlashCall: <invoke name="BpEventStream.track" returntype="xml"><arguments><string>flash_loadingscreen_handleClientLoadingProgress  bytesLoaded/bytesTotal 52 / 120</string><object></object></arguments></invoke>
[2023/05/01 03:21:11.311 | api.KekkaPlayer.createWindow(Native Method)] [INFO][KekkaPlayer 24] FlashCall: <invoke name="BpEventStream.track" returntype="xml"><arguments><string>flash_loadingscreen_handleClientLoadingProgress  bytesLoaded/bytesTotal 53 / 120</string><object></object></arguments></invoke>
[2023/05/01 03:21:11.313 | api.KekkaPlayer.createWindow(Native Method)] [INFO][KekkaPlayer 24] FlashCall: <invoke name="BpEventStream.track" returntype="xml"><arguments><string>flash_loadingscreen_handleClientLoadingProgress  bytesLoaded/bytesTotal 54 / 120</string><object></object></arguments></invoke>
[2023/05/01 03:21:11.315 | api.KekkaPlayer.createWindow(Native Method)] [INFO][KekkaPlayer 24] FlashCall: <invoke name="BpEventStream.track" returntype="xml"><arguments><string>flash_loadingscreen_handleClientLoadingProgress  bytesLoaded/bytesTotal 55 / 120</string><object></object></arguments></invoke>
[2023/05/01 03:21:11.316 | api.KekkaPlayer.createWindow(Native Method)] [INFO][KekkaPlayer 24] FlashCall: <invoke name="BpEventStream.track" returntype="xml"><arguments><string>flash_loadingscreen_handleClientLoadingProgress  bytesLoaded/bytesTotal 56 / 120</string><object></object></arguments></invoke>
[2023/05/01 03:21:11.318 | api.KekkaPlayer.createWindow(Native Method)] [INFO][KekkaPlayer 24] FlashCall: <invoke name="BpEventStream.track" returntype="xml"><arguments><string>flash_loadingscreen_handleClientLoadingProgress  bytesLoaded/bytesTotal 57 / 120</string><object></object></arguments></invoke>
[2023/05/01 03:21:11.319 | api.KekkaPlayer.createWindow(Native Method)] [INFO][KekkaPlayer 24] FlashCall: <invoke name="BpEventStream.track" returntype="xml"><arguments><string>flash_loadingscreen_handleClientLoadingProgress  bytesLoaded/bytesTotal 58 / 120</string><object></object></arguments></invoke>
[2023/05/01 03:21:11.320 | api.KekkaPlayer.createWindow(Native Method)] [INFO][KekkaPlayer 24] FlashCall: <invoke name="BpEventStream.track" returntype="xml"><arguments><string>flash_loadingscreen_handleClientLoadingProgress  bytesLoaded/bytesTotal 59 / 120</string><object></object></arguments></invoke>
[2023/05/01 03:21:11.322 | api.KekkaPlayer.createWindow(Native Method)] [INFO][KekkaPlayer 24] FlashCall: <invoke name="BpEventStream.track" returntype="xml"><arguments><string>flash_loadingscreen_handleClientLoadingProgress  bytesLoaded/bytesTotal 60 / 120</string><object></object></arguments></invoke>
[2023/05/01 03:21:11.323 | api.KekkaPlayer.createWindow(Native Method)] [INFO][KekkaPlayer 24] FlashCall: <invoke name="BpEventStream.track" returntype="xml"><arguments><string>flash_loadingscreen_handleClientLoadingProgress  bytesLoaded/bytesTotal 61 / 120</string><object></object></arguments></invoke>
[2023/05/01 03:21:11.325 | api.KekkaPlayer.createWindow(Native Method)] [INFO][KekkaPlayer 24] FlashCall: <invoke name="BpEventStream.track" returntype="xml"><arguments><string>flash_loadingscreen_handleClientLoadingProgress  bytesLoaded/bytesTotal 62 / 120</string><object></object></arguments></invoke>
[2023/05/01 03:21:11.326 | api.KekkaPlayer.createWindow(Native Method)] [INFO][KekkaPlayer 24] FlashCall: <invoke name="BpEventStream.track" returntype="xml"><arguments><string>flash_loadingscreen_handleClientLoadingProgress  bytesLoaded/bytesTotal 63 / 120</string><object></object></arguments></invoke>
[2023/05/01 03:21:11.327 | api.KekkaPlayer.createWindow(Native Method)] [INFO][KekkaPlayer 24] FlashCall: <invoke name="BpEventStream.track" returntype="xml"><arguments><string>flash_loadingscreen_handleClientLoadingProgress  bytesLoaded/bytesTotal 64 / 120</string><object></object></arguments></invoke>
[2023/05/01 03:21:11.329 | api.KekkaPlayer.createWindow(Native Method)] [INFO][KekkaPlayer 24] FlashCall: <invoke name="BpEventStream.track" returntype="xml"><arguments><string>flash_loadingscreen_handleClientLoadingProgress  bytesLoaded/bytesTotal 65 / 120</string><object></object></arguments></invoke>
[2023/05/01 03:21:11.330 | api.KekkaPlayer.createWindow(Native Method)] [INFO][KekkaPlayer 24] FlashCall: <invoke name="BpEventStream.track" returntype="xml"><arguments><string>flash_loadingscreen_handleClientLoadingProgress  bytesLoaded/bytesTotal 66 / 120</string><object></object></arguments></invoke>
[2023/05/01 03:21:11.332 | api.KekkaPlayer.createWindow(Native Method)] [INFO][KekkaPlayer 24] FlashCall: <invoke name="BpEventStream.track" returntype="xml"><arguments><string>flash_loadingscreen_handleClientLoadingProgress  bytesLoaded/bytesTotal 67 / 120</string><object></object></arguments></invoke>
[2023/05/01 03:21:11.333 | api.KekkaPlayer.createWindow(Native Method)] [INFO][KekkaPlayer 24] FlashCall: <invoke name="BpEventStream.track" returntype="xml"><arguments><string>flash_loadingscreen_handleClientLoadingProgress  bytesLoaded/bytesTotal 68 / 120</string><object></object></arguments></invoke>
[2023/05/01 03:21:11.335 | api.KekkaPlayer.createWindow(Native Method)] [INFO][KekkaPlayer 24] FlashCall: <invoke name="BpEventStream.track" returntype="xml"><arguments><string>flash_loadingscreen_handleClientLoadingProgress  bytesLoaded/bytesTotal 69 / 120</string><object></object></arguments></invoke>
[2023/05/01 03:21:11.337 | api.KekkaPlayer.createWindow(Native Method)] [INFO][KekkaPlayer 24] FlashCall: <invoke name="BpEventStream.track" returntype="xml"><arguments><string>flash_loadingscreen_handleClientLoadingProgress  bytesLoaded/bytesTotal 70 / 120</string><object></object></arguments></invoke>
[2023/05/01 03:21:11.338 | api.KekkaPlayer.createWindow(Native Method)] [INFO][KekkaPlayer 24] FlashCall: <invoke name="BpEventStream.track" returntype="xml"><arguments><string>flash_loadingscreen_handleClientLoadingProgress  bytesLoaded/bytesTotal 71 / 120</string><object></object></arguments></invoke>
[2023/05/01 03:21:11.339 | api.KekkaPlayer.createWindow(Native Method)] [INFO][KekkaPlayer 24] FlashCall: <invoke name="BpEventStream.track" returntype="xml"><arguments><string>flash_loadingscreen_handleClientLoadingProgress  bytesLoaded/bytesTotal 72 / 120</string><object></object></arguments></invoke>
[2023/05/01 03:21:11.341 | api.KekkaPlayer.createWindow(Native Method)] [INFO][KekkaPlayer 24] FlashCall: <invoke name="BpEventStream.track" returntype="xml"><arguments><string>flash_loadingscreen_handleClientLoadingProgress  bytesLoaded/bytesTotal 73 / 120</string><object></object></arguments></invoke>
[2023/05/01 03:21:11.342 | api.KekkaPlayer.createWindow(Native Method)] [INFO][KekkaPlayer 24] FlashCall: <invoke name="BpEventStream.track" returntype="xml"><arguments><string>flash_loadingscreen_handleClientLoadingProgress  bytesLoaded/bytesTotal 74 / 120</string><object></object></arguments></invoke>
[2023/05/01 03:21:11.343 | api.KekkaPlayer.createWindow(Native Method)] [INFO][KekkaPlayer 24] FlashCall: <invoke name="BpEventStream.track" returntype="xml"><arguments><string>flash_loadingscreen_handleClientLoadingProgress  bytesLoaded/bytesTotal 75 / 120</string><object></object></arguments></invoke>
[2023/05/01 03:21:11.346 | api.KekkaPlayer.createWindow(Native Method)] [INFO][KekkaPlayer 24] FlashCall: <invoke name="BpEventStream.track" returntype="xml"><arguments><string>flash_loadingscreen_handleClientLoadingProgress  bytesLoaded/bytesTotal 76 / 120</string><object></object></arguments></invoke>
[2023/05/01 03:21:11.347 | api.KekkaPlayer.createWindow(Native Method)] [INFO][KekkaPlayer 24] FlashCall: <invoke name="BpEventStream.track" returntype="xml"><arguments><string>flash_loadingscreen_handleClientLoadingProgress  bytesLoaded/bytesTotal 77 / 120</string><object></object></arguments></invoke>
[2023/05/01 03:21:11.349 | api.KekkaPlayer.createWindow(Native Method)] [INFO][KekkaPlayer 24] FlashCall: <invoke name="BpEventStream.track" returntype="xml"><arguments><string>flash_loadingscreen_handleClientLoadingProgress  bytesLoaded/bytesTotal 78 / 120</string><object></object></arguments></invoke>
[2023/05/01 03:21:11.350 | api.KekkaPlayer.createWindow(Native Method)] [INFO][KekkaPlayer 24] FlashCall: <invoke name="BpEventStream.track" returntype="xml"><arguments><string>flash_loadingscreen_handleClientLoadingProgress  bytesLoaded/bytesTotal 79 / 120</string><object></object></arguments></invoke>
[2023/05/01 03:21:11.352 | api.KekkaPlayer.createWindow(Native Method)] [INFO][KekkaPlayer 24] FlashCall: <invoke name="BpEventStream.track" returntype="xml"><arguments><string>flash_loadingscreen_handleClientLoadingProgress  bytesLoaded/bytesTotal 80 / 120</string><object></object></arguments></invoke>
[2023/05/01 03:21:11.353 | api.KekkaPlayer.createWindow(Native Method)] [INFO][KekkaPlayer 24] FlashCall: <invoke name="BpEventStream.track" returntype="xml"><arguments><string>flash_loadingscreen_handleClientLoadingProgress  bytesLoaded/bytesTotal 81 / 120</string><object></object></arguments></invoke>
[2023/05/01 03:21:11.354 | api.KekkaPlayer.createWindow(Native Method)] [INFO][KekkaPlayer 24] FlashCall: <invoke name="BpEventStream.track" returntype="xml"><arguments><string>flash_loadingscreen_handleClientLoadingProgress  bytesLoaded/bytesTotal 82 / 120</string><object></object></arguments></invoke>
[2023/05/01 03:21:11.356 | api.KekkaPlayer.createWindow(Native Method)] [INFO][KekkaPlayer 24] FlashCall: <invoke name="BpEventStream.track" returntype="xml"><arguments><string>flash_loadingscreen_handleClientLoadingProgress  bytesLoaded/bytesTotal 83 / 120</string><object></object></arguments></invoke>
[2023/05/01 03:21:11.357 | api.KekkaPlayer.createWindow(Native Method)] [INFO][KekkaPlayer 24] FlashCall: <invoke name="BpEventStream.track" returntype="xml"><arguments><string>flash_loadingscreen_handleClientLoadingProgress  bytesLoaded/bytesTotal 84 / 120</string><object></object></arguments></invoke>
[2023/05/01 03:21:11.358 | api.KekkaPlayer.createWindow(Native Method)] [INFO][KekkaPlayer 24] FlashCall: <invoke name="BpEventStream.track" returntype="xml"><arguments><string>flash_loadingscreen_handleClientLoadingProgress  bytesLoaded/bytesTotal 85 / 120</string><object></object></arguments></invoke>
[2023/05/01 03:21:11.360 | api.KekkaPlayer.createWindow(Native Method)] [INFO][KekkaPlayer 24] FlashCall: <invoke name="BpEventStream.track" returntype="xml"><arguments><string>flash_loadingscreen_handleClientLoadingProgress  bytesLoaded/bytesTotal 86 / 120</string><object></object></arguments></invoke>
[2023/05/01 03:21:11.361 | api.KekkaPlayer.createWindow(Native Method)] [INFO][KekkaPlayer 24] FlashCall: <invoke name="BpEventStream.track" returntype="xml"><arguments><string>flash_loadingscreen_handleClientLoadingProgress  bytesLoaded/bytesTotal 87 / 120</string><object></object></arguments></invoke>
[2023/05/01 03:21:11.363 | api.KekkaPlayer.createWindow(Native Method)] [INFO][KekkaPlayer 24] FlashCall: <invoke name="BpEventStream.track" returntype="xml"><arguments><string>flash_loadingscreen_handleClientLoadingProgress  bytesLoaded/bytesTotal 88 / 120</string><object></object></arguments></invoke>
[2023/05/01 03:21:11.364 | api.KekkaPlayer.createWindow(Native Method)] [INFO][KekkaPlayer 24] FlashCall: <invoke name="BpEventStream.track" returntype="xml"><arguments><string>flash_loadingscreen_handleClientLoadingProgress  bytesLoaded/bytesTotal 89 / 120</string><object></object></arguments></invoke>
[2023/05/01 03:21:11.365 | api.KekkaPlayer.createWindow(Native Method)] [INFO][KekkaPlayer 24] FlashCall: <invoke name="BpEventStream.track" returntype="xml"><arguments><string>flash_loadingscreen_handleClientLoadingProgress  bytesLoaded/bytesTotal 90 / 120</string><object></object></arguments></invoke>
[2023/05/01 03:21:11.367 | api.KekkaPlayer.createWindow(Native Method)] [INFO][KekkaPlayer 24] FlashCall: <invoke name="BpEventStream.track" returntype="xml"><arguments><string>flash_loadingscreen_handleClientLoadingProgress  bytesLoaded/bytesTotal 91 / 120</string><object></object></arguments></invoke>
[2023/05/01 03:21:11.368 | api.KekkaPlayer.createWindow(Native Method)] [INFO][KekkaPlayer 24] FlashCall: <invoke name="BpEventStream.track" returntype="xml"><arguments><string>flash_loadingscreen_handleClientLoadingProgress  bytesLoaded/bytesTotal 92 / 120</string><object></object></arguments></invoke>
[2023/05/01 03:21:11.370 | api.KekkaPlayer.createWindow(Native Method)] [INFO][KekkaPlayer 24] FlashCall: <invoke name="BpEventStream.track" returntype="xml"><arguments><string>flash_loadingscreen_handleClientLoadingProgress  bytesLoaded/bytesTotal 93 / 120</string><object></object></arguments></invoke>
[2023/05/01 03:21:11.372 | api.KekkaPlayer.createWindow(Native Method)] [INFO][KekkaPlayer 24] FlashCall: <invoke name="BpEventStream.track" returntype="xml"><arguments><string>flash_loadingscreen_handleClientLoadingProgress  bytesLoaded/bytesTotal 94 / 120</string><object></object></arguments></invoke>
[2023/05/01 03:21:11.373 | api.KekkaPlayer.createWindow(Native Method)] [INFO][KekkaPlayer 24] FlashCall: <invoke name="BpEventStream.track" returntype="xml"><arguments><string>flash_loadingscreen_handleClientLoadingProgress  bytesLoaded/bytesTotal 95 / 120</string><object></object></arguments></invoke>
[2023/05/01 03:21:11.374 | api.KekkaPlayer.createWindow(Native Method)] [INFO][KekkaPlayer 24] FlashCall: <invoke name="BpEventStream.track" returntype="xml"><arguments><string>flash_loadingscreen_handleClientLoadingProgress  bytesLoaded/bytesTotal 96 / 120</string><object></object></arguments></invoke>
[2023/05/01 03:21:11.375 | api.KekkaPlayer.createWindow(Native Method)] [INFO][KekkaPlayer 24] FlashCall: <invoke name="BpEventStream.track" returntype="xml"><arguments><string>flash_loadingscreen_handleClientLoadingProgress  bytesLoaded/bytesTotal 97 / 120</string><object></object></arguments></invoke>
[2023/05/01 03:21:11.377 | api.KekkaPlayer.createWindow(Native Method)] [INFO][KekkaPlayer 24] FlashCall: <invoke name="BpEventStream.track" returntype="xml"><arguments><string>flash_loadingscreen_handleClientLoadingProgress  bytesLoaded/bytesTotal 98 / 120</string><object></object></arguments></invoke>
[2023/05/01 03:21:11.378 | api.KekkaPlayer.createWindow(Native Method)] [INFO][KekkaPlayer 24] FlashCall: <invoke name="BpEventStream.track" returntype="xml"><arguments><string>flash_loadingscreen_handleClientLoadingProgress  bytesLoaded/bytesTotal 99 / 120</string><object></object></arguments></invoke>
[2023/05/01 03:21:11.380 | api.KekkaPlayer.createWindow(Native Method)] [INFO][KekkaPlayer 24] FlashCall: <invoke name="BpEventStream.track" returntype="xml"><arguments><string>flash_loadingscreen_handleClientLoadingProgress  bytesLoaded/bytesTotal 100 / 120</string><object></object></arguments></invoke>
[2023/05/01 03:21:11.381 | api.KekkaPlayer.createWindow(Native Method)] [INFO][KekkaPlayer 24] FlashCall: <invoke name="BpEventStream.track" returntype="xml"><arguments><string>flash_loadingscreen_handleClientLoadingProgress  bytesLoaded/bytesTotal 101 / 120</string><object></object></arguments></invoke>
[2023/05/01 03:21:11.382 | api.KekkaPlayer.createWindow(Native Method)] [INFO][KekkaPlayer 24] FlashCall: <invoke name="BpEventStream.track" returntype="xml"><arguments><string>flash_loadingscreen_handleClientLoadingProgress  bytesLoaded/bytesTotal 102 / 120</string><object></object></arguments></invoke>
[2023/05/01 03:21:11.384 | api.KekkaPlayer.createWindow(Native Method)] [INFO][KekkaPlayer 24] FlashCall: <invoke name="BpEventStream.track" returntype="xml"><arguments><string>flash_loadingscreen_handleClientLoadingProgress  bytesLoaded/bytesTotal 103 / 120</string><object></object></arguments></invoke>
[2023/05/01 03:21:11.385 | api.KekkaPlayer.createWindow(Native Method)] [INFO][KekkaPlayer 24] FlashCall: <invoke name="BpEventStream.track" returntype="xml"><arguments><string>flash_loadingscreen_handleClientLoadingProgress  bytesLoaded/bytesTotal 104 / 120</string><object></object></arguments></invoke>
[2023/05/01 03:21:11.387 | api.KekkaPlayer.createWindow(Native Method)] [INFO][KekkaPlayer 24] FlashCall: <invoke name="BpEventStream.track" returntype="xml"><arguments><string>flash_loadingscreen_handleClientLoadingProgress  bytesLoaded/bytesTotal 105 / 120</string><object></object></arguments></invoke>
[2023/05/01 03:21:11.388 | api.KekkaPlayer.createWindow(Native Method)] [INFO][KekkaPlayer 24] FlashCall: <invoke name="BpEventStream.track" returntype="xml"><arguments><string>flash_loadingscreen_handleClientLoadingProgress  bytesLoaded/bytesTotal 106 / 120</string><object></object></arguments></invoke>
[2023/05/01 03:21:11.389 | api.KekkaPlayer.createWindow(Native Method)] [INFO][KekkaPlayer 24] FlashCall: <invoke name="BpEventStream.track" returntype="xml"><arguments><string>flash_loadingscreen_handleClientLoadingProgress  bytesLoaded/bytesTotal 107 / 120</string><object></object></arguments></invoke>
[2023/05/01 03:21:11.391 | api.KekkaPlayer.createWindow(Native Method)] [INFO][KekkaPlayer 24] FlashCall: <invoke name="BpEventStream.track" returntype="xml"><arguments><string>flash_loadingscreen_handleClientLoadingProgress  bytesLoaded/bytesTotal 108 / 120</string><object></object></arguments></invoke>
[2023/05/01 03:21:11.392 | api.KekkaPlayer.createWindow(Native Method)] [INFO][KekkaPlayer 24] FlashCall: <invoke name="BpEventStream.track" returntype="xml"><arguments><string>flash_loadingscreen_handleClientLoadingProgress  bytesLoaded/bytesTotal 109 / 120</string><object></object></arguments></invoke>
[2023/05/01 03:21:11.394 | api.KekkaPlayer.createWindow(Native Method)] [INFO][KekkaPlayer 24] FlashCall: <invoke name="BpEventStream.track" returntype="xml"><arguments><string>flash_loadingscreen_handleClientLoadingProgress  bytesLoaded/bytesTotal 110 / 120</string><object></object></arguments></invoke>
[2023/05/01 03:21:11.395 | api.KekkaPlayer.createWindow(Native Method)] [INFO][KekkaPlayer 24] FlashCall: <invoke name="BpEventStream.track" returntype="xml"><arguments><string>flash_loadingscreen_handleClientLoadingProgress  bytesLoaded/bytesTotal 111 / 120</string><object></object></arguments></invoke>
[2023/05/01 03:21:11.396 | api.KekkaPlayer.createWindow(Native Method)] [INFO][KekkaPlayer 24] FlashCall: <invoke name="BpEventStream.track" returntype="xml"><arguments><string>flash_loadingscreen_handleClientLoadingProgress  bytesLoaded/bytesTotal 112 / 120</string><object></object></arguments></invoke>
[2023/05/01 03:21:11.398 | api.KekkaPlayer.createWindow(Native Method)] [INFO][KekkaPlayer 24] FlashCall: <invoke name="BpEventStream.track" returntype="xml"><arguments><string>flash_loadingscreen_handleClientLoadingProgress  bytesLoaded/bytesTotal 113 / 120</string><object></object></arguments></invoke>
[2023/05/01 03:21:11.399 | api.KekkaPlayer.createWindow(Native Method)] [INFO][KekkaPlayer 24] FlashCall: <invoke name="BpEventStream.track" returntype="xml"><arguments><string>flash_loadingscreen_handleClientLoadingProgress  bytesLoaded/bytesTotal 114 / 120</string><object></object></arguments></invoke>
[2023/05/01 03:21:11.400 | api.KekkaPlayer.createWindow(Native Method)] [INFO][KekkaPlayer 24] FlashCall: <invoke name="BpEventStream.track" returntype="xml"><arguments><string>flash_loadingscreen_handleClientLoadingProgress  bytesLoaded/bytesTotal 115 / 120</string><object></object></arguments></invoke>
[2023/05/01 03:21:11.401 | api.KekkaPlayer.createWindow(Native Method)] [INFO][KekkaPlayer 24] FlashCall: <invoke name="BpEventStream.track" returntype="xml"><arguments><string>flash_loadingscreen_handleClientLoadingProgress  bytesLoaded/bytesTotal 116 / 120</string><object></object></arguments></invoke>
[2023/05/01 03:21:11.404 | api.KekkaPlayer.createWindow(Native Method)] [INFO][KekkaPlayer 24] FlashCall: <invoke name="BpEventStream.track" returntype="xml"><arguments><string>flash_loadingscreen_handleClientLoadingProgress  bytesLoaded/bytesTotal 117 / 120</string><object></object></arguments></invoke>
[2023/05/01 03:21:11.406 | api.KekkaPlayer.createWindow(Native Method)] [INFO][KekkaPlayer 24] FlashCall: <invoke name="BpEventStream.track" returntype="xml"><arguments><string>flash_loadingscreen_handleClientLoadingProgress  bytesLoaded/bytesTotal 118 / 120</string><object></object></arguments></invoke>
[2023/05/01 03:21:11.407 | api.KekkaPlayer.createWindow(Native Method)] [INFO][KekkaPlayer 24] FlashCall: <invoke name="BpEventStream.track" returntype="xml"><arguments><string>flash_loadingscreen_handleClientLoadingProgress  bytesLoaded/bytesTotal 119 / 120</string><object></object></arguments></invoke>
[2023/05/01 03:21:11.408 | api.KekkaPlayer.createWindow(Native Method)] [INFO][KekkaPlayer 24] FlashCall: <invoke name="BpEventStream.track" returntype="xml"><arguments><string>flash_loadingscreen_handleClientLoadingProgress  bytesLoaded/bytesTotal 120 / 120</string><object></object></arguments></invoke>
[2023/05/01 03:21:11.410 | api.KekkaPlayer.createWindow(Native Method)] [INFO][KekkaPlayer 24] FlashCall: <invoke name="BpEventStream.track" returntype="xml"><arguments><string>flash_loadingscreen_handleClientLoadingProgress  bytesLoaded/bytesTotal 120 / 120</string><object></object></arguments></invoke>
[2023/05/01 03:21:12.836 | api.KekkaPlayer.createWindow(Native Method)] [INFO][KekkaPlayer 24] FlashCall: <invoke name="BpEventStream.track" returntype="xml"><arguments><string>flash_loadingscreen_handleClientLoadingComplete</string><object></object></arguments></invoke>
[2023/05/01 03:21:12.837 | api.KekkaPlayer.createWindow(Native Method)] [INFO][KekkaPlayer 24] FlashCall: <invoke name="BpEventStream.track" returntype="xml"><arguments><string>flash_loadingscreen_gameClientFullyLoaded</string><object></object></arguments></invoke>
[2023/05/01 03:21:13.327 | db.core.manager.SettingsManager.tick(SettingsManager.java:68)] Game is using: DirectX9 | force2d: 1
[2023/05/01 03:21:13.399 | api.KekkaPlayer.createWindow(Native Method)] [INFO][KekkaPlayer 24] FlashCall: <invoke name="BpEventStream.track" returntype="xml"><arguments><string>flash.error</string><object><property id="errorID"><number>2124</number></property><property id="stackTrace"><string>Error
	at net.bigpoint.darkorbit.preloader.error::GlobalErrorHandlerBpEventStream/handleUncaughtError()</string></property><property id="name"><string>ioError</string></property><property id="message"><string>Error #2124</string></property><property id="build"><string>40143898</string></property></object></arguments></invoke>
[2023/05/01 03:21:17.593 | db.core.objects.facades.LogMediator.onLogMessage(LogMediator.java:41)] Bem-vindo aos sistemas INTEX
[2023/05/01 03:21:34.118 | api.KekkaPlayer.createWindow(Native Method)] [INFO][KekkaPlayer 24] Checking method signature: 23(toggleVisibility)(2626?)1116321600
[2023/05/01 03:21:34.143 | api.KekkaPlayer.createWindow(Native Method)] [INFO][KekkaPlayer 24] Called Method: 4
[2023/05/01 03:21:34.168 | api.KekkaPlayer.createWindow(Native Method)] [INFO][KekkaPlayer 24] Checking method signature: 23(26)008431800
[2023/05/01 03:21:34.169 | api.KekkaPlayer.createWindow(Native Method)] [INFO][KekkaPlayer 24] Called Method: 4
[2023/05/01 03:21:34.175 | api.KekkaPlayer.createWindow(Native Method)] [INFO][KekkaPlayer 24] Checking method signature: 26(267726?2?)42407911700
[2023/05/01 03:21:38.185 | api.KekkaPlayer.createWindow(Native Method)] [INFO][KekkaPlayer 24] Called Method: 4
[2023/05/01 03:21:42.218 | api.KekkaPlayer.createWindow(Native Method)] [INFO][KekkaPlayer 24] Called Method: 4
[2023/05/01 03:21:52.252 | api.KekkaPlayer.createWindow(Native Method)] [INFO][KekkaPlayer 24] Called Method: 4
[2023/05/01 03:21:56.268 | api.KekkaPlayer.createWindow(Native Method)] [INFO][KekkaPlayer 24] Called Method: 4
[2023/05/01 03:21:58.285 | api.KekkaPlayer.createWindow(Native Method)] [INFO][KekkaPlayer 24] Called Method: 4
[2023/05/01 03:22:04.303 | api.KekkaPlayer.createWindow(Native Method)] [INFO][KekkaPlayer 24] Called Method: 4
[2023/05/01 03:22:06.323 | api.KekkaPlayer.createWindow(Native Method)] [INFO][KekkaPlayer 24] Called Method: 4
[2023/05/01 03:22:10.336 | api.KekkaPlayer.createWindow(Native Method)] [INFO][KekkaPlayer 24] Called Method: 4
[2023/05/01 03:22:13.101 | api.KekkaPlayer.createWindow(Native Method)] [INFO][KekkaPlayer 24] Called Method: 4
[2023/05/01 03:22:19.325 | api.KekkaPlayer.createWindow(Native Method)] [INFO][KekkaPlayer 24] Called Method: 4
[2023/05/01 03:22:24.085 | api.KekkaPlayer.createWindow(Native Method)] [INFO][KekkaPlayer 24] Called Method: 4
[2023/05/01 03:22:24.636 | api.KekkaPlayer.createWindow(Native Method)] [INFO][KekkaPlayer 24] Called Method: 4
[2023/05/01 03:22:24.636 | api.KekkaPlayer.createWindow(Native Method)] [INFO][KekkaPlayer 24] Collecting Box: 6593266727024
[2023/05/01 03:22:25.786 | api.KekkaPlayer.createWindow(Native Method)] [INFO][KekkaPlayer 24] Called Method: 4
[2023/05/01 03:22:25.786 | api.KekkaPlayer.createWindow(Native Method)] [INFO][KekkaPlayer 24] Collecting Box: 6593266727024
[2023/05/01 03:22:26.002 | db.core.objects.facades.LogMediator.onLogMessage(LogMediator.java:41)] MatÇria prima Endurium recolhida
[2023/05/01 03:22:26.036 | api.KekkaPlayer.createWindow(Native Method)] [INFO][KekkaPlayer 24] Called Method: 4
[2023/05/01 03:22:30.002 | api.KekkaPlayer.createWindow(Native Method)] [INFO][KekkaPlayer 24] Called Method: 4
[2023/05/01 03:22:30.352 | api.KekkaPlayer.createWindow(Native Method)] [INFO][KekkaPlayer 24] Called Method: 4
[2023/05/01 03:22:30.353 | api.KekkaPlayer.createWindow(Native Method)] [INFO][KekkaPlayer 24] Collecting Box: 6593268721424
[2023/05/01 03:22:30.851 | api.KekkaPlayer.createWindow(Native Method)] [INFO][KekkaPlayer 24] Called Method: 4
[2023/05/01 03:22:40.135 | api.KekkaPlayer.createWindow(Native Method)] [INFO][KekkaPlayer 24] Called Method: 4
[2023/05/01 03:23:14.326 | db.core.objects.facades.LogMediator.onLogMessage(LogMediator.java:41)] Miss∆o "Juramento de vinganáa" interrompida.
[2023/05/01 03:24:19.972 | db.core.objects.facades.LogMediator.onLogMessage(LogMediator.java:41)] Ainda tens 1.636 mensagens n∆o-lidas na tua caixa de correio!
[2023/05/01 03:28:16.207 | db.core.objects.facades.LogMediator.onLogMessage(LogMediator.java:41)] A conex∆o ao servidor foi interrompida.
